빌드 시작: 2014-12-27 오전 11:43:09
     1>2 노드의 "E:\File Storage\윈플\윈플.vcxproj" 프로젝트(build 대상)입니다.
     1>InitializeBuildStatus:
         "AlwaysCreate"이(가) 지정되었기 때문에 "Debug\윈플.unsuccessfulbuild"을(를) 만들고 있습니다.
       ClCompile:
         모든 출력이 최신 상태입니다.
         C:\Program Files (x86)\Microsoft Visual Studio 10.0\VC\bin\x86_amd64\CL.exe /c /Zi /nologo /W3 /WX- /Od /D WIN32 /D _WINDOWS /D _DEBUG /D _MBCS /D _AFXDLL /Gm- /EHsc /RTC1 /MDd /GS /fp:precise /Zc:wchar_t /Zc:forScope /Yu"StdAfx.h" /Fp"Debug\윈플.pch" /Fo"Debug\\" /Fd"Debug\vc100.pdb" /Gd /TP /errorReport:prompt TradedRecords.cpp "윈플Dlg.cpp"
         TradedRecords.cpp
         윈플Dlg.cpp
     1>윈플Dlg.cpp(168): warning C4305: '인수' : 'int'에서 'short'(으)로 잘립니다.
     1>윈플Dlg.cpp(168): warning C4309: '인수' : 상수 값이 잘립니다.
     1>윈플Dlg.cpp(169): warning C4305: '인수' : 'int'에서 'short'(으)로 잘립니다.
     1>윈플Dlg.cpp(169): warning C4309: '인수' : 상수 값이 잘립니다.
     1>윈플Dlg.cpp(248): warning C4244: '=' : 'my_ulonglong'에서 'int'(으)로 변환하면서 데이터가 손실될 수 있습니다.
     1>윈플Dlg.cpp(291): warning C4244: '=' : 'my_ulonglong'에서 'int'(으)로 변환하면서 데이터가 손실될 수 있습니다.
     1>윈플Dlg.cpp(785): warning C4244: '+=' : 'float'에서 'int'(으)로 변환하면서 데이터가 손실될 수 있습니다.
     1>윈플Dlg.cpp(787): warning C4244: '+=' : 'float'에서 'int'(으)로 변환하면서 데이터가 손실될 수 있습니다.
         Generating Code...
       ResourceCompile:
         모든 출력이 최신 상태입니다.
       ManifestResourceCompile:
         모든 출력이 최신 상태입니다.
       Link:
         C:\Program Files (x86)\Microsoft Visual Studio 10.0\VC\bin\x86_amd64\link.exe /ERRORREPORT:PROMPT /OUT:"E:\File Storage\윈플\Debug\윈플.exe" /INCREMENTAL /NOLOGO libmysql.lib ws2_32.lib /MANIFEST /ManifestFile:"Debug\윈플.exe.intermediate.manifest" /MANIFESTUAC:"level='asInvoker' uiAccess='false'" /DEBUG /PDB:"E:\File Storage\윈플\Debug\윈플.pdb" /SUBSYSTEM:WINDOWS /TLBID:1 /DYNAMICBASE /NXCOMPAT /IMPLIB:"E:\File Storage\윈플\Debug\윈플.lib" /MACHINE:X64 "Debug\윈플.res"
         "Debug\윈플.exe.embed.manifest.res"
         Debug\data.obj
         Debug\NameScan.obj
         Debug\NewsRecord.obj
         Debug\stdafx.obj
         Debug\TradedRecords.obj
         "Debug\윈플.obj"
         "Debug\윈플Dlg.obj"
         윈플.vcxproj -> E:\File Storage\윈플\Debug\윈플.exe
       Manifest:
         c:\Program Files (x86)\Microsoft SDKs\Windows\v7.0A\bin\mt.exe /nologo /verbose /out:"Debug\윈플.exe.embed.manifest" /manifest "Debug\윈플.exe.intermediate.manifest" "C:\Program Files (x86)\Microsoft Visual Studio 10.0\VC\Include\Manifest\dpiaware.manifest"
         모든 출력이 최신 상태입니다.
       LinkEmbedManifest:
         모든 출력이 최신 상태입니다.
         윈플.vcxproj -> E:\File Storage\윈플\Debug\윈플.exe
       FinalizeBuildStatus:
         "Debug\윈플.unsuccessfulbuild" 파일을 삭제하고 있습니다.
         "Debug\윈플.lastbuildstate"에 연결(touching)하고 있습니다.
     1>"E:\File Storage\윈플\윈플.vcxproj" 프로젝트를 빌드했습니다(build 대상).

빌드했습니다.

경과 시간: 00:00:00.56
