E:\File Storage\윈플\Debug\cl.command.1.tlog
E:\File Storage\윈플\Debug\CL.read.1.tlog
E:\File Storage\윈플\Debug\CL.write.1.tlog
E:\FILE STORAGE\윈플\DEBUG\DATA.OBJ
E:\File Storage\윈플\Debug\link.1396.read.1.tlog
E:\File Storage\윈플\Debug\link.1396.write.1.tlog
E:\File Storage\윈플\Debug\link.1396-cvtres.read.1.tlog
E:\File Storage\윈플\Debug\link.1396-cvtres.write.1.tlog
E:\File Storage\윈플\Debug\link.7092.read.1.tlog
E:\File Storage\윈플\Debug\link.7092.write.1.tlog
E:\File Storage\윈플\Debug\link.7092-cvtres.read.1.tlog
E:\File Storage\윈플\Debug\link.7092-cvtres.write.1.tlog
E:\File Storage\윈플\Debug\link.9112.read.1.tlog
E:\File Storage\윈플\Debug\link.9112.write.1.tlog
E:\File Storage\윈플\Debug\link.9112-cvtres.read.1.tlog
E:\File Storage\윈플\Debug\link.9112-cvtres.write.1.tlog
E:\File Storage\윈플\Debug\link.9512.read.1.tlog
E:\File Storage\윈플\Debug\link.9512.write.1.tlog
E:\File Storage\윈플\Debug\link.9512-cvtres.read.1.tlog
E:\File Storage\윈플\Debug\link.9512-cvtres.write.1.tlog
E:\File Storage\윈플\Debug\link.9992.read.1.tlog
E:\File Storage\윈플\Debug\link.9992.write.1.tlog
E:\File Storage\윈플\Debug\link.9992-cvtres.read.1.tlog
E:\File Storage\윈플\Debug\link.9992-cvtres.write.1.tlog
E:\File Storage\윈플\Debug\link.command.1.tlog
E:\File Storage\윈플\Debug\link.read.1.tlog
E:\File Storage\윈플\Debug\link.write.1.tlog
E:\File Storage\윈플\Debug\link-cvtres.read.1.tlog
E:\File Storage\윈플\Debug\link-cvtres.write.1.tlog
E:\File Storage\윈플\Debug\mt.command.1.tlog
E:\File Storage\윈플\Debug\mt.read.1.tlog
E:\File Storage\윈플\Debug\mt.write.1.tlog
E:\FILE STORAGE\윈플\DEBUG\NAMESCAN.OBJ
E:\FILE STORAGE\윈플\DEBUG\NEWSRECORD.OBJ
E:\File Storage\윈플\Debug\rc.command.1.tlog
E:\File Storage\윈플\Debug\rc.read.1.tlog
E:\File Storage\윈플\Debug\rc.write.1.tlog
E:\FILE STORAGE\윈플\DEBUG\STDAFX.OBJ
E:\FILE STORAGE\윈플\DEBUG\TRADEDRECORDS.OBJ
E:\FILE STORAGE\윈플\DEBUG\TRADERECORD.OBJ
E:\FILE STORAGE\윈플\DEBUG\VC100.PDB
E:\FILE STORAGE\윈플\DEBUG\윈플.EXE.EMBED.MANIFEST
E:\FILE STORAGE\윈플\DEBUG\윈플.EXE.EMBED.MANIFEST.RES
E:\File Storage\윈플\Debug\윈플.exe.intermediate.manifest
E:\FILE STORAGE\윈플\DEBUG\윈플.OBJ
E:\FILE STORAGE\윈플\DEBUG\윈플.PCH
E:\File Storage\윈플\Debug\윈플.pdb
E:\FILE STORAGE\윈플\DEBUG\윈플.RES
E:\File Storage\윈플\Debug\윈플.vcxprojResolveAssemblyReference.cache
E:\File Storage\윈플\Debug\윈플.write.1.tlog
E:\File Storage\윈플\Debug\윈플_manifest.rc
E:\FILE STORAGE\윈플\DEBUG\윈플DLG.OBJ
